sb t3, 2047(t4)
sb t3, -2048(t4)
sw s0, 1234(s1)
sw s0, -1234(s1)
beq t0, t1, 2046
beq t0, t1, -2048
bne s0, s1, 2000
bne s0, s1, -2000
blt a2, a3, 1000
blt a2, a3, -1000
bge a4, a5, 666
bge a4, a5, -666
lui a0, 1048575
lui a1, 1000000
lui a2, 999999
lui a3, 88888
lui a4, 7777
lui a5, 666
lui a6, 55
lui a7, 4
lui x0, 0
jal t6, 1048574
jal t5, -1048576
jal t4, 1000000
jal t3, -1000000
jal s11, 999998
jal s10, -999998
jal s9, 88888
jal s8, -88888
jal s7, 7776
jal s6, -7776
jal s5, 666
jal s4, -666
jal s3, 54
jal s2, -54
jal s1, 4
jal s0, -4
jal ra, 0

Exited with error code 0
